This is pdfTeX, Version 3.14159265-2.6-1.40.21 (MiKTeX 2.9.7440 64-bit) (preloaded format=pdflatex 2020.6.9)  23 JUN 2021 20:41
entering extended mode
**./sbc-template.tex
(sbc-template.tex
LaTeX2e <2020-02-02> patch level 5
L3 programming layer <2020-06-03> ("D:\MiKTeX 2.9\tex/latex/base\article.cls"
Document Class: article 2019/12/20 v1.4l Standard LaTeX document class
("D:\MiKTeX 2.9\tex/latex/base\size12.clo"
File: size12.clo 2019/12/20 v1.4l Standard LaTeX file (size option)
)
\c@part=\count167
\c@section=\count168
\c@subsection=\count169
\c@subsubsection=\count170
\c@paragraph=\count171
\c@subparagraph=\count172
\c@figure=\count173
\c@table=\count174
\abovecaptionskip=\skip47
\belowcaptionskip=\skip48
\bibindent=\dimen134
) (sbc-template.sty
Package: sbc-template 2001/06/09

("D:\MiKTeX 2.9\tex/latex/geometry\geometry.sty"
Package: geometry 2020/01/02 v5.9 Page Geometry

("D:\MiKTeX 2.9\tex/latex/graphics\keyval.sty"
Package: keyval 2014/10/28 v1.15 key=value parser (DPC)
\KV@toks@=\toks15
)
("D:\MiKTeX 2.9\tex/generic/iftex\ifvtex.sty"
Package: ifvtex 2019/10/25 v1.7 ifvtex legacy package. Use iftex instead.

("D:\MiKTeX 2.9\tex/generic/iftex\iftex.sty"
Package: iftex 2020/03/06 v1.0d TeX engine tests
))
\Gm@cnth=\count175
\Gm@cntv=\count176
\c@Gm@tempcnt=\count177
\Gm@bindingoffset=\dimen135
\Gm@wd@mp=\dimen136
\Gm@odd@mp=\dimen137
\Gm@even@mp=\dimen138
\Gm@layoutwidth=\dimen139
\Gm@layoutheight=\dimen140
\Gm@layouthoffset=\dimen141
\Gm@layoutvoffset=\dimen142
\Gm@dimlist=\toks16

("D:\MiKTeX 2.9\tex/latex/geometry\geometry.cfg"))
("D:\MiKTeX 2.9\tex/latex/caption\caption.sty"
Package: caption 2020/05/10 v3.4j Customizing captions (AR)

("D:\MiKTeX 2.9\tex/latex/caption\caption3.sty"
Package: caption3 2020/05/10 v1.11 caption3 kernel (AR)
Package caption3 Info: TeX engine: e-TeX on input line 61.
\captionmargin=\dimen143
\captionmargin@=\dimen144
\captionwidth=\dimen145
\caption@tempdima=\dimen146
\caption@indent=\dimen147
\caption@parindent=\dimen148
\caption@hangindent=\dimen149
Package caption Info: Standard document class detected.
)
\c@caption@flags=\count178
\c@continuedfloat=\count179
)
("D:\MiKTeX 2.9\tex/latex/psnfss\times.sty"
Package: times 2020/03/25 PSNFSS-v9.3 (SPQR) 
)
\c@instn=\count180

("D:\MiKTeX 2.9\tex/latex/titlesec\titlesec.sty"
Package: titlesec 2019/10/16 v2.13 Sectioning titles
\ttl@box=\box45
\beforetitleunit=\skip49
\aftertitleunit=\skip50
\ttl@plus=\dimen150
\ttl@minus=\dimen151
\ttl@toksa=\toks17
\titlewidth=\dimen152
\titlewidthlast=\dimen153
\titlewidthfirst=\dimen154
)
("D:\MiKTeX 2.9\tex/latex/etoolbox\etoolbox.sty"
Package: etoolbox 2019/09/21 v2.5h e-TeX tools for LaTeX (JAW)
\etb@tempcnta=\count181
))
("D:\MiKTeX 2.9\tex/latex/graphics\graphicx.sty"
Package: graphicx 2019/11/30 v1.2a Enhanced LaTeX Graphics (DPC,SPQR)

("D:\MiKTeX 2.9\tex/latex/graphics\graphics.sty"
Package: graphics 2019/11/30 v1.4a Standard LaTeX Graphics (DPC,SPQR)

("D:\MiKTeX 2.9\tex/latex/graphics\trig.sty"
Package: trig 2016/01/03 v1.10 sin cos tan (DPC)
)
("D:\MiKTeX 2.9\tex/latex/graphics-cfg\graphics.cfg"
File: graphics.cfg 2016/06/04 v1.11 sample graphics configuration
)
Package graphics Info: Driver file: pdftex.def on input line 105.

("D:\MiKTeX 2.9\tex/latex/graphics-def\pdftex.def"
File: pdftex.def 2018/01/08 v1.0l Graphics/color driver for pdftex
))
\Gin@req@height=\dimen155
\Gin@req@width=\dimen156
)
("D:\MiKTeX 2.9\tex/latex/url\url.sty"
\Urlmuskip=\muskip16
Package: url 2013/09/16  ver 3.4  Verb mode for urls, etc.
)
("D:\MiKTeX 2.9\tex/latex/base\inputenc.sty"
Package: inputenc 2018/08/11 v1.3c Input encoding file
\inpenc@prehook=\toks18
\inpenc@posthook=\toks19
)
("D:\MiKTeX 2.9\tex/generic/babel\babel.sty"
Package: babel 2020/05/13 3.44 The Babel package

("D:\MiKTeX 2.9\tex/generic/babel\babel.def"
File: babel.def 2020/05/13 3.44 Babel common definitions
\babel@savecnt=\count182
\U@D=\dimen157
\l@babelnohyphens=\language79

("D:\MiKTeX 2.9\tex/generic/babel\txtbabel.def")
\bbl@readstream=\read2
)
\bbl@dirlevel=\count183

*************************************
* Local config file bblopts.cfg used
*
("D:\MiKTeX 2.9\tex/latex/arabi\bblopts.cfg"
File: bblopts.cfg 2005/09/08 v0.1 add Arabic and Farsi to "declared" options of
 babel
)
("D:\MiKTeX 2.9\tex/latex/babel-portuges\brazil.ldf"
Language: portuges 2020/05/04 v1.2r Portuguese support from the babel system
Package babel Info: \l@brazil = using hyphenrules for portuguese
(babel)             (\language56) on input line 111.
Package babel Info: Making " an active character on input line 143.
))
("D:\MiKTeX 2.9\tex/latex/pgf/frontendlayer\tikz.sty"
("D:\MiKTeX 2.9\tex/latex/pgf/basiclayer\pgf.sty"
("D:\MiKTeX 2.9\tex/latex/pgf/utilities\pgfrcs.sty"
("D:\MiKTeX 2.9\tex/generic/pgf/utilities\pgfutil-common.tex"
\pgfutil@everybye=\toks20
\pgfutil@tempdima=\dimen158
\pgfutil@tempdimb=\dimen159

("D:\MiKTeX 2.9\tex/generic/pgf/utilities\pgfutil-common-lists.tex"))
("D:\MiKTeX 2.9\tex/generic/pgf/utilities\pgfutil-latex.def"
\pgfutil@abb=\box46

("D:\MiKTeX 2.9\tex/latex/ms\everyshi.sty"
Package: everyshi 2001/05/15 v3.00 EveryShipout Package (MS)
))
("D:\MiKTeX 2.9\tex/generic/pgf/utilities\pgfrcs.code.tex"
("D:\MiKTeX 2.9\tex/generic/pgf\pgf.revision.tex")
Package: pgfrcs 2020/01/08 v3.1.5b (3.1.5b)
))
Package: pgf 2020/01/08 v3.1.5b (3.1.5b)

("D:\MiKTeX 2.9\tex/latex/pgf/basiclayer\pgfcore.sty"
("D:\MiKTeX 2.9\tex/latex/pgf/systemlayer\pgfsys.sty"
("D:\MiKTeX 2.9\tex/generic/pgf/systemlayer\pgfsys.code.tex"
Package: pgfsys 2020/01/08 v3.1.5b (3.1.5b)

("D:\MiKTeX 2.9\tex/generic/pgf/utilities\pgfkeys.code.tex"
\pgfkeys@pathtoks=\toks21
\pgfkeys@temptoks=\toks22

("D:\MiKTeX 2.9\tex/generic/pgf/utilities\pgfkeysfiltered.code.tex"
\pgfkeys@tmptoks=\toks23
))
\pgf@x=\dimen160
\pgf@y=\dimen161
\pgf@xa=\dimen162
\pgf@ya=\dimen163
\pgf@xb=\dimen164
\pgf@yb=\dimen165
\pgf@xc=\dimen166
\pgf@yc=\dimen167
\pgf@xd=\dimen168
\pgf@yd=\dimen169
\w@pgf@writea=\write3
\r@pgf@reada=\read3
\c@pgf@counta=\count184
\c@pgf@countb=\count185
\c@pgf@countc=\count186
\c@pgf@countd=\count187
\t@pgf@toka=\toks24
\t@pgf@tokb=\toks25
\t@pgf@tokc=\toks26
\pgf@sys@id@count=\count188

("D:\MiKTeX 2.9\tex/generic/pgf/systemlayer\pgf.cfg"
File: pgf.cfg 2020/01/08 v3.1.5b (3.1.5b)
)
Driver file for pgf: pgfsys-pdftex.def

("D:\MiKTeX 2.9\tex/generic/pgf/systemlayer\pgfsys-pdftex.def"
File: pgfsys-pdftex.def 2020/01/08 v3.1.5b (3.1.5b)

("D:\MiKTeX 2.9\tex/generic/pgf/systemlayer\pgfsys-common-pdf.def"
File: pgfsys-common-pdf.def 2020/01/08 v3.1.5b (3.1.5b)
)))
("D:\MiKTeX 2.9\tex/generic/pgf/systemlayer\pgfsyssoftpath.code.tex"
File: pgfsyssoftpath.code.tex 2020/01/08 v3.1.5b (3.1.5b)
\pgfsyssoftpath@smallbuffer@items=\count189
\pgfsyssoftpath@bigbuffer@items=\count190
)
("D:\MiKTeX 2.9\tex/generic/pgf/systemlayer\pgfsysprotocol.code.tex"
File: pgfsysprotocol.code.tex 2020/01/08 v3.1.5b (3.1.5b)
))
("D:\MiKTeX 2.9\tex/latex/xcolor\xcolor.sty"
Package: xcolor 2016/05/11 v2.12 LaTeX color extensions (UK)

("D:\MiKTeX 2.9\tex/latex/graphics-cfg\color.cfg"
File: color.cfg 2016/01/02 v1.6 sample color configuration
)
Package xcolor Info: Driver file: pdftex.def on input line 225.
Package xcolor Info: Model `cmy' substituted by `cmy0' on input line 1348.
Package xcolor Info: Model `hsb' substituted by `rgb' on input line 1352.
Package xcolor Info: Model `RGB' extended on input line 1364.
Package xcolor Info: Model `HTML' substituted by `rgb' on input line 1366.
Package xcolor Info: Model `Hsb' substituted by `hsb' on input line 1367.
Package xcolor Info: Model `tHsb' substituted by `hsb' on input line 1368.
Package xcolor Info: Model `HSB' substituted by `hsb' on input line 1369.
Package xcolor Info: Model `Gray' substituted by `gray' on input line 1370.
Package xcolor Info: Model `wave' substituted by `hsb' on input line 1371.
)
("D:\MiKTeX 2.9\tex/generic/pgf/basiclayer\pgfcore.code.tex"
Package: pgfcore 2020/01/08 v3.1.5b (3.1.5b)

("D:\MiKTeX 2.9\tex/generic/pgf/math\pgfmath.code.tex"
("D:\MiKTeX 2.9\tex/generic/pgf/math\pgfmathcalc.code.tex"
("D:\MiKTeX 2.9\tex/generic/pgf/math\pgfmathutil.code.tex")
("D:\MiKTeX 2.9\tex/generic/pgf/math\pgfmathparser.code.tex"
\pgfmath@dimen=\dimen170
\pgfmath@count=\count191
\pgfmath@box=\box47
\pgfmath@toks=\toks27
\pgfmath@stack@operand=\toks28
\pgfmath@stack@operation=\toks29
)
("D:\MiKTeX 2.9\tex/generic/pgf/math\pgfmathfunctions.code.tex"
("D:\MiKTeX 2.9\tex/generic/pgf/math\pgfmathfunctions.basic.code.tex")
("D:\MiKTeX 2.9\tex/generic/pgf/math\pgfmathfunctions.trigonometric.code.tex")
("D:\MiKTeX 2.9\tex/generic/pgf/math\pgfmathfunctions.random.code.tex")
("D:\MiKTeX 2.9\tex/generic/pgf/math\pgfmathfunctions.comparison.code.tex")
("D:\MiKTeX 2.9\tex/generic/pgf/math\pgfmathfunctions.base.code.tex")
("D:\MiKTeX 2.9\tex/generic/pgf/math\pgfmathfunctions.round.code.tex")
("D:\MiKTeX 2.9\tex/generic/pgf/math\pgfmathfunctions.misc.code.tex")
("D:\MiKTeX 2.9\tex/generic/pgf/math\pgfmathfunctions.integerarithmetics.code.t
ex"))) ("D:\MiKTeX 2.9\tex/generic/pgf/math\pgfmathfloat.code.tex"
\c@pgfmathroundto@lastzeros=\count192
))
("D:\MiKTeX 2.9\tex/generic/pgf/math\pgfint.code.tex")
("D:\MiKTeX 2.9\tex/generic/pgf/basiclayer\pgfcorepoints.code.tex"
File: pgfcorepoints.code.tex 2020/01/08 v3.1.5b (3.1.5b)
\pgf@picminx=\dimen171
\pgf@picmaxx=\dimen172
\pgf@picminy=\dimen173
\pgf@picmaxy=\dimen174
\pgf@pathminx=\dimen175
\pgf@pathmaxx=\dimen176
\pgf@pathminy=\dimen177
\pgf@pathmaxy=\dimen178
\pgf@xx=\dimen179
\pgf@xy=\dimen180
\pgf@yx=\dimen181
\pgf@yy=\dimen182
\pgf@zx=\dimen183
\pgf@zy=\dimen184
)
("D:\MiKTeX 2.9\tex/generic/pgf/basiclayer\pgfcorepathconstruct.code.tex"
File: pgfcorepathconstruct.code.tex 2020/01/08 v3.1.5b (3.1.5b)
\pgf@path@lastx=\dimen185
\pgf@path@lasty=\dimen186
)
("D:\MiKTeX 2.9\tex/generic/pgf/basiclayer\pgfcorepathusage.code.tex"
File: pgfcorepathusage.code.tex 2020/01/08 v3.1.5b (3.1.5b)
\pgf@shorten@end@additional=\dimen187
\pgf@shorten@start@additional=\dimen188
)
("D:\MiKTeX 2.9\tex/generic/pgf/basiclayer\pgfcorescopes.code.tex"
File: pgfcorescopes.code.tex 2020/01/08 v3.1.5b (3.1.5b)
\pgfpic=\box48
\pgf@hbox=\box49
\pgf@layerbox@main=\box50
\pgf@picture@serial@count=\count193
)
("D:\MiKTeX 2.9\tex/generic/pgf/basiclayer\pgfcoregraphicstate.code.tex"
File: pgfcoregraphicstate.code.tex 2020/01/08 v3.1.5b (3.1.5b)
\pgflinewidth=\dimen189
)
("D:\MiKTeX 2.9\tex/generic/pgf/basiclayer\pgfcoretransformations.code.tex"
File: pgfcoretransformations.code.tex 2020/01/08 v3.1.5b (3.1.5b)
\pgf@pt@x=\dimen190
\pgf@pt@y=\dimen191
\pgf@pt@temp=\dimen192
)
("D:\MiKTeX 2.9\tex/generic/pgf/basiclayer\pgfcorequick.code.tex"
File: pgfcorequick.code.tex 2020/01/08 v3.1.5b (3.1.5b)
)
("D:\MiKTeX 2.9\tex/generic/pgf/basiclayer\pgfcoreobjects.code.tex"
File: pgfcoreobjects.code.tex 2020/01/08 v3.1.5b (3.1.5b)
)
("D:\MiKTeX 2.9\tex/generic/pgf/basiclayer\pgfcorepathprocessing.code.tex"
File: pgfcorepathprocessing.code.tex 2020/01/08 v3.1.5b (3.1.5b)
)
("D:\MiKTeX 2.9\tex/generic/pgf/basiclayer\pgfcorearrows.code.tex"
File: pgfcorearrows.code.tex 2020/01/08 v3.1.5b (3.1.5b)
\pgfarrowsep=\dimen193
)
("D:\MiKTeX 2.9\tex/generic/pgf/basiclayer\pgfcoreshade.code.tex"
File: pgfcoreshade.code.tex 2020/01/08 v3.1.5b (3.1.5b)
\pgf@max=\dimen194
\pgf@sys@shading@range@num=\count194
\pgf@shadingcount=\count195
)
("D:\MiKTeX 2.9\tex/generic/pgf/basiclayer\pgfcoreimage.code.tex"
File: pgfcoreimage.code.tex 2020/01/08 v3.1.5b (3.1.5b)

("D:\MiKTeX 2.9\tex/generic/pgf/basiclayer\pgfcoreexternal.code.tex"
File: pgfcoreexternal.code.tex 2020/01/08 v3.1.5b (3.1.5b)
\pgfexternal@startupbox=\box51
))
("D:\MiKTeX 2.9\tex/generic/pgf/basiclayer\pgfcorelayers.code.tex"
File: pgfcorelayers.code.tex 2020/01/08 v3.1.5b (3.1.5b)
)
("D:\MiKTeX 2.9\tex/generic/pgf/basiclayer\pgfcoretransparency.code.tex"
File: pgfcoretransparency.code.tex 2020/01/08 v3.1.5b (3.1.5b)
)
("D:\MiKTeX 2.9\tex/generic/pgf/basiclayer\pgfcorepatterns.code.tex"
File: pgfcorepatterns.code.tex 2020/01/08 v3.1.5b (3.1.5b)
)
("D:\MiKTeX 2.9\tex/generic/pgf/basiclayer\pgfcorerdf.code.tex"
File: pgfcorerdf.code.tex 2020/01/08 v3.1.5b (3.1.5b)
)))
("D:\MiKTeX 2.9\tex/generic/pgf/modules\pgfmoduleshapes.code.tex"
File: pgfmoduleshapes.code.tex 2020/01/08 v3.1.5b (3.1.5b)
\pgfnodeparttextbox=\box52
)
("D:\MiKTeX 2.9\tex/generic/pgf/modules\pgfmoduleplot.code.tex"
File: pgfmoduleplot.code.tex 2020/01/08 v3.1.5b (3.1.5b)
)
("D:\MiKTeX 2.9\tex/latex/pgf/compatibility\pgfcomp-version-0-65.sty"
Package: pgfcomp-version-0-65 2020/01/08 v3.1.5b (3.1.5b)
\pgf@nodesepstart=\dimen195
\pgf@nodesepend=\dimen196
)
("D:\MiKTeX 2.9\tex/latex/pgf/compatibility\pgfcomp-version-1-18.sty"
Package: pgfcomp-version-1-18 2020/01/08 v3.1.5b (3.1.5b)
))
("D:\MiKTeX 2.9\tex/latex/pgf/utilities\pgffor.sty"
("D:\MiKTeX 2.9\tex/latex/pgf/utilities\pgfkeys.sty"
("D:\MiKTeX 2.9\tex/generic/pgf/utilities\pgfkeys.code.tex"))
("D:\MiKTeX 2.9\tex/latex/pgf/math\pgfmath.sty"
("D:\MiKTeX 2.9\tex/generic/pgf/math\pgfmath.code.tex"))
("D:\MiKTeX 2.9\tex/generic/pgf/utilities\pgffor.code.tex"
Package: pgffor 2020/01/08 v3.1.5b (3.1.5b)

("D:\MiKTeX 2.9\tex/generic/pgf/math\pgfmath.code.tex")
\pgffor@iter=\dimen197
\pgffor@skip=\dimen198
\pgffor@stack=\toks30
\pgffor@toks=\toks31
))
("D:\MiKTeX 2.9\tex/generic/pgf/frontendlayer/tikz\tikz.code.tex"
Package: tikz 2020/01/08 v3.1.5b (3.1.5b)

("D:\MiKTeX 2.9\tex/generic/pgf/libraries\pgflibraryplothandlers.code.tex"
File: pgflibraryplothandlers.code.tex 2020/01/08 v3.1.5b (3.1.5b)
\pgf@plot@mark@count=\count196
\pgfplotmarksize=\dimen199
)
\tikz@lastx=\dimen256
\tikz@lasty=\dimen257
\tikz@lastxsaved=\dimen258
\tikz@lastysaved=\dimen259
\tikz@lastmovetox=\dimen260
\tikz@lastmovetoy=\dimen261
\tikzleveldistance=\dimen262
\tikzsiblingdistance=\dimen263
\tikz@figbox=\box53
\tikz@figbox@bg=\box54
\tikz@tempbox=\box55
\tikz@tempbox@bg=\box56
\tikztreelevel=\count197
\tikznumberofchildren=\count198
\tikznumberofcurrentchild=\count199
\tikz@fig@count=\count266

("D:\MiKTeX 2.9\tex/generic/pgf/modules\pgfmodulematrix.code.tex"
File: pgfmodulematrix.code.tex 2020/01/08 v3.1.5b (3.1.5b)
\pgfmatrixcurrentrow=\count267
\pgfmatrixcurrentcolumn=\count268
\pgf@matrix@numberofcolumns=\count269
)
\tikz@expandcount=\count270

("D:\MiKTeX 2.9\tex/generic/pgf/frontendlayer/tikz/libraries\tikzlibrarytopaths
.code.tex"
File: tikzlibrarytopaths.code.tex 2020/01/08 v3.1.5b (3.1.5b)
)))
("D:\MiKTeX 2.9\tex/generic/pgf/frontendlayer/tikz/libraries\tikzlibrarycalc.co
de.tex"
File: tikzlibrarycalc.code.tex 2020/01/08 v3.1.5b (3.1.5b)
) ("D:\MiKTeX 2.9\tex/latex/tkz-fct\tkz-fct.sty"
2020/05/01 1.4c function tkz-fct
Package: tkz-fct 2020/05/01 1.4c function 
\tkz@tkzf@fct=\count271
("D:\MiKTeX 2.9\tex/latex/tkz-base\tkz-base.sty"
2020/03/18 3.06c tkz-base.sty
Package: tkz-base 2020/03/18 3.06c tkz-base

("D:\MiKTeX 2.9\tex/generic/pgf/frontendlayer/tikz/libraries\tikzlibraryangles.
code.tex"
File: tikzlibraryangles.code.tex 2020/01/08 v3.1.5b (3.1.5b)
)
("D:\MiKTeX 2.9\tex/generic/pgf/frontendlayer/tikz/libraries\tikzlibraryarrows.
code.tex"
File: tikzlibraryarrows.code.tex 2020/01/08 v3.1.5b (3.1.5b)
 ("D:\MiKTeX 2.9\tex/generic/pgf/libraries\pgflibraryarrows.code.tex"
File: pgflibraryarrows.code.tex 2020/01/08 v3.1.5b (3.1.5b)
\arrowsize=\dimen264
)) ("D:\MiKTeX 2.9\tex/generic/pgf/libraries\pgflibraryarrows.meta.code.tex"
File: pgflibraryarrows.meta.code.tex 2020/01/08 v3.1.5b (3.1.5b)
\pgfarrowinset=\dimen265
\pgfarrowlength=\dimen266
\pgfarrowwidth=\dimen267
\pgfarrowlinewidth=\dimen268
)
("D:\MiKTeX 2.9\tex/generic/pgf/frontendlayer/tikz/libraries\tikzlibrarybabel.c
ode.tex"
File: tikzlibrarybabel.code.tex 2020/01/08 v3.1.5b (3.1.5b)
)
("D:\MiKTeX 2.9\tex/generic/pgf/frontendlayer/tikz/libraries\tikzlibrarydecorat
ions.code.tex"
("D:\MiKTeX 2.9\tex/generic/pgf/modules\pgfmoduledecorations.code.tex"
\pgfdecoratedcompleteddistance=\dimen269
\pgfdecoratedremainingdistance=\dimen270
\pgfdecoratedinputsegmentcompleteddistance=\dimen271
\pgfdecoratedinputsegmentremainingdistance=\dimen272
\pgf@decorate@distancetomove=\dimen273
\pgf@decorate@repeatstate=\count272
\pgfdecorationsegmentamplitude=\dimen274
\pgfdecorationsegmentlength=\dimen275
)
\tikz@lib@dec@box=\box57
)
("D:\MiKTeX 2.9\tex/generic/pgf/frontendlayer/tikz/libraries\tikzlibrarydecorat
ions.markings.code.tex"
("D:\MiKTeX 2.9\tex/generic/pgf/libraries/decorations\pgflibrarydecorations.mar
kings.code.tex"))
("D:\MiKTeX 2.9\tex/generic/pgf/frontendlayer/tikz/libraries\tikzlibrarydecorat
ions.pathreplacing.code.tex"
("D:\MiKTeX 2.9\tex/generic/pgf/libraries/decorations\pgflibrarydecorations.pat
hreplacing.code.tex"))
("D:\MiKTeX 2.9\tex/generic/pgf/frontendlayer/tikz/libraries\tikzlibrarydecorat
ions.shapes.code.tex"
("D:\MiKTeX 2.9\tex/generic/pgf/libraries/decorations\pgflibrarydecorations.sha
pes.code.tex"))
("D:\MiKTeX 2.9\tex/generic/pgf/frontendlayer/tikz/libraries\tikzlibrarydecorat
ions.text.code.tex"
("D:\MiKTeX 2.9\tex/generic/pgf/libraries/decorations\pgflibrarydecorations.tex
t.code.tex"
\pgf@lib@dec@text@box=\box58
)
\tikz@lib@dec@te@box=\box59
)
("D:\MiKTeX 2.9\tex/generic/pgf/frontendlayer/tikz/libraries\tikzlibrarydecorat
ions.pathmorphing.code.tex"
("D:\MiKTeX 2.9\tex/generic/pgf/libraries/decorations\pgflibrarydecorations.pat
hmorphing.code.tex"))
("D:\MiKTeX 2.9\tex/generic/pgf/frontendlayer/tikz/libraries\tikzlibraryinterse
ctions.code.tex"
("D:\MiKTeX 2.9\tex/generic/pgf/libraries\pgflibraryintersections.code.tex"
("D:\MiKTeX 2.9\tex/generic/pgf/libraries\pgflibraryfpu.code.tex")
\pgf@intersect@solutions=\count273
))
("D:\MiKTeX 2.9\tex/generic/pgf/frontendlayer/tikz/libraries\tikzlibrarypattern
s.code.tex"
File: tikzlibrarypatterns.code.tex 2020/01/08 v3.1.5b (3.1.5b)

("D:\MiKTeX 2.9\tex/generic/pgf/libraries\pgflibrarypatterns.code.tex"
File: pgflibrarypatterns.code.tex 2020/01/08 v3.1.5b (3.1.5b)
))
("D:\MiKTeX 2.9\tex/generic/pgf/frontendlayer/tikz/libraries\tikzlibraryplotmar
ks.code.tex"
File: tikzlibraryplotmarks.code.tex 2020/01/08 v3.1.5b (3.1.5b)

("D:\MiKTeX 2.9\tex/generic/pgf/libraries\pgflibraryplotmarks.code.tex"
File: pgflibraryplotmarks.code.tex 2020/01/08 v3.1.5b (3.1.5b)
))
("D:\MiKTeX 2.9\tex/generic/pgf/frontendlayer/tikz/libraries\tikzlibrarypositio
ning.code.tex"
File: tikzlibrarypositioning.code.tex 2020/01/08 v3.1.5b (3.1.5b)
)
("D:\MiKTeX 2.9\tex/generic/pgf/frontendlayer/tikz/libraries\tikzlibraryquotes.
code.tex"
File: tikzlibraryquotes.code.tex 2020/01/08 v3.1.5b (3.1.5b)
)
("D:\MiKTeX 2.9\tex/generic/pgf/frontendlayer/tikz/libraries\tikzlibraryshadows
.code.tex"
File: tikzlibraryshadows.code.tex 2020/01/08 v3.1.5b (3.1.5b)

("D:\MiKTeX 2.9\tex/generic/pgf/frontendlayer/tikz/libraries\tikzlibraryfadings
.code.tex"
File: tikzlibraryfadings.code.tex 2020/01/08 v3.1.5b (3.1.5b)
 ("D:\MiKTeX 2.9\tex/generic/pgf/libraries\pgflibraryfadings.code.tex"
File: pgflibraryfadings.code.tex 2020/01/08 v3.1.5b (3.1.5b)
)))
("D:\MiKTeX 2.9\tex/generic/pgf/frontendlayer/tikz/libraries\tikzlibraryshapes.
misc.code.tex"
File: tikzlibraryshapes.misc.code.tex 2020/01/08 v3.1.5b (3.1.5b)

("D:\MiKTeX 2.9\tex/generic/pgf/libraries/shapes\pgflibraryshapes.misc.code.tex
"
File: pgflibraryshapes.misc.code.tex 2020/01/08 v3.1.5b (3.1.5b)
))
("D:\MiKTeX 2.9\tex/generic/pgf/frontendlayer/tikz/libraries\tikzlibrarythrough
.code.tex"
File: tikzlibrarythrough.code.tex 2020/01/08 v3.1.5b (3.1.5b)
) ("D:\MiKTeX 2.9\tex/latex/numprint\numprint.sty"
Package: numprint 2012/08/20 v1.39 Print numbers (HH)

("D:\MiKTeX 2.9\tex/latex/tools\array.sty"
Package: array 2019/08/31 v2.4l Tabular extension package (FMi)
\col@sep=\dimen276
\ar@mcellbox=\box60
\extrarowheight=\dimen277
\NC@list=\toks32
\extratabsurround=\skip51
\backup@length=\skip52
\ar@cellbox=\box61
)
\c@nprt@mantissa@digitsbefore=\count274
\c@nprt@mantissa@digitsafter=\count275
\c@nprt@exponent@digitsbefore=\count276
\c@nprt@exponent@digitsafter=\count277
\nprt@digitwidth=\skip53
\nprt@sepwidth=\skip54
\nprt@decimalwidth=\skip55
\nprt@blockwidth=\skip56
\nprt@digittoks=\toks33
\nprt@pretoks=\toks34
\nprt@posttoks=\toks35
\nprt@thisdigit=\count278
\nprt@curpos=\count279
\nprt@rndpos=\count280
\c@nprt@digitsfirstblock=\count281
\c@nprt@blockcnt=\count282
\c@nprt@cntprint=\count283

No configuration file `numprint.cfg' found.)
("D:\MiKTeX 2.9\tex/latex/l3packages/xfp\xfp.sty"
("D:\MiKTeX 2.9\tex/latex/l3kernel\expl3.sty"
Package: expl3 2020-06-03 L3 programming layer (loader) 

("D:\MiKTeX 2.9\tex/latex/l3backend\l3backend-pdfmode.def"
File: l3backend-pdfmode.def 2020-06-03 L3 backend support: PDF mode
\l__kernel_color_stack_int=\count284
\l__pdf_internal_box=\box62
))
("D:\MiKTeX 2.9\tex/latex/l3packages/xparse\xparse.sty"
Package: xparse 2020-05-15 L3 Experimental document command parser

("D:\MiKTeX 2.9\tex/latex/l3packages/xparse\xparse-generic.tex"
\l__xparse_current_arg_int=\count285
\g__xparse_grabber_int=\count286
\l__xparse_m_args_int=\count287
\l__xparse_v_nesting_int=\count288
))
Package: xfp 2020-05-15 L3 Floating point unit
)
("D:\MiKTeX 2.9\tex/latex/fp\fp.sty"
Package: fp 1995/04/02

`Fixed Point Package', Version 0.8, April 2, 1995 (C) Michael Mehlich
("D:\MiKTeX 2.9\tex/latex/fp\defpattern.sty"
Package: defpattern 1994/10/12
\actioncount=\count289
)
("D:\MiKTeX 2.9\tex/latex/fp\fp-basic.sty"
Package: fp-basic 1996/05/13
\FP@xs=\count290
\FP@xia=\count291
\FP@xib=\count292
\FP@xfa=\count293
\FP@xfb=\count294
\FP@rega=\count295
\FP@regb=\count296
\FP@regs=\count297
\FP@times=\count298
)
("D:\MiKTeX 2.9\tex/latex/fp\fp-addons.sty"
Package: fp-addons 1995/03/15
)
("D:\MiKTeX 2.9\tex/latex/fp\fp-snap.sty"
Package: fp-snap 1995/04/05
)
("D:\MiKTeX 2.9\tex/latex/fp\fp-exp.sty"
Package: fp-exp 1995/04/03
)
("D:\MiKTeX 2.9\tex/latex/fp\fp-trigo.sty"
Package: fp-trigo 1995/04/14
)
("D:\MiKTeX 2.9\tex/latex/fp\fp-pas.sty"
Package: fp-pas 1994/08/29
)
("D:\MiKTeX 2.9\tex/latex/fp\fp-random.sty"
Package: fp-random 1995/02/23
\FPseed=\count299
)
("D:\MiKTeX 2.9\tex/latex/fp\fp-eqn.sty"
Package: fp-eqn 1995/04/03
)
("D:\MiKTeX 2.9\tex/latex/fp\fp-upn.sty"
Package: fp-upn 1996/10/21
)
("D:\MiKTeX 2.9\tex/latex/fp\fp-eval.sty"
Package: fp-eval 1995/04/03
))
\tkzRadius=\dimen278
\tkzLength=\dimen279
\tkz@radi=\dimen280
\tkz@ax=\dimen281
\tkz@ay=\dimen282
\tkz@bx=\dimen283
\tkz@by=\dimen284
\tkz@cx=\dimen285
\tkz@cy=\dimen286
\tkz@dx=\dimen287
\tkz@dy=\dimen288
\tkz@tax=\dimen289
\tkz@tay=\dimen290
\tkz@tbx=\dimen291
\tkz@tby=\dimen292
\tkz@tcx=\dimen293
\tkz@tcy=\dimen294
\tkz@tdx=\dimen295
\tkz@tdy=\dimen296
\tkz@cntmk=\count300

Local configuration file tkz-base.cfg found and used
("D:\MiKTeX 2.9\tex/latex/tkz-base\tkz-base.cfg"
2020/03/18 3.06c tkz-base.cfg
) ("D:\MiKTeX 2.9\tex/latex/tkz-base\tkz-tools-modules.tex"
2020/03/18 3.06c tkz-tools-utilities.tex
) ("D:\MiKTeX 2.9\tex/latex/tkz-base\tkz-lib-marks.tex"
2020/03/18 3.06c tkz-lib-symbols.tex
) ("D:\MiKTeX 2.9\tex/latex/tkz-base\tkz-tools-base.tex"
2020/03/18 3.06c tkz-tools-base.tex
) ("D:\MiKTeX 2.9\tex/latex/tkz-base\tkz-tools-utilities.tex"
2020/03/18 3.06c tkz-tools-utilities.tex
) ("D:\MiKTeX 2.9\tex/latex/tkz-euclide\tkz-tools-math.tex"
2020/03/18 3.06c tkz-tools-math.tex
) ("D:\MiKTeX 2.9\tex/latex/tkz-base\tkz-tools-text.tex"
2020/03/18 3.06c tkz-tools-text.tex
) ("D:\MiKTeX 2.9\tex/latex/tkz-base\tkz-tools-BB.tex"
2020/03/18 3.06c tkz-obj-BB.tex
) ("D:\MiKTeX 2.9\tex/latex/tkz-base\tkz-tools-arith.tex"
2020/03/18 3.06c tkz-tools-arith.tex
File: tkz-tool-arith.tex tkz-tool-arith 3.02 c
) ("D:\MiKTeX 2.9\tex/latex/tkz-base\tkz-tools-print.tex"
2020/03/18 3.06c tkz-tools-print.tex
) ("D:\MiKTeX 2.9\tex/latex/tkz-base\tkz-tools-misc.tex"
2020/03/18 3.06c tkz-tools-misc.tex
) ("D:\MiKTeX 2.9\tex/latex/tkz-base\tkz-obj-axes.tex"
2020/03/18 3.06c tkz-obj-axes.tex
) ("D:\MiKTeX 2.9\tex/latex/tkz-base\tkz-obj-grids.tex"
2020/03/18 3.06c tkz-obj-grids.tex
) ("D:\MiKTeX 2.9\tex/latex/tkz-base\tkz-obj-marks.tex"
2020/03/18 3.07c tkz-obj-marks.tex
) ("D:\MiKTeX 2.9\tex/latex/tkz-base\tkz-obj-points.tex"
2020/03/18 3.06c tkz-obj-points.tex
) ("D:\MiKTeX 2.9\tex/latex/tkz-base\tkz-obj-rep.tex"
2020/03/18 3.06c tkz-obj-rep.tex
)) ( FP-EVAL ( FP-UPN ) ) ( FP-EVAL ( FP-UPN ) ) ( FP-EVAL ( FP-UPN ( FP-SUB )
) ) ( FP-EVAL ( FP-UPN ) ) ( FP-EVAL ( FP-UPN ( FP-SUB ) ) ) ( FP-EVAL
( FP-UPN ) )) ("D:\MiKTeX 2.9\tex/latex/tkz-euclide\tkz-euclide.sty"
2020/03/18 3.06c tkz-euclide.sty
Package: tkz-euclide 2020/03/18 3.06c for euclidan geometry 
("D:\MiKTeX 2.9\tex/latex/tkz-euclide\tkz-tools-intersections.tex"
2020/03/18 3.06c tkz-tools-intersections.tex
) ("D:\MiKTeX 2.9\tex/latex/tkz-euclide\tkz-tools-angles.tex"
2020/03/18 3.06c tkz-tools-angles.tex
) ("D:\MiKTeX 2.9\tex/latex/tkz-euclide\tkz-obj-eu-angles.tex"
2020/03/18 3.06c tkz-tool-eu-angles.tex
\tkz@arcsize=\dimen297
\tkz@fillsize=\dimen298
) ("D:\MiKTeX 2.9\tex/latex/tkz-euclide\tkz-obj-eu-arcs.tex"
2020/03/23 3.06c tkz-obj-eu-arcs.tex
) ("D:\MiKTeX 2.9\tex/latex/tkz-euclide\tkz-obj-eu-compass.tex"
2020/03/18 3.06c tkz-obj-eu-compass.tex
) ("D:\MiKTeX 2.9\tex/latex/tkz-euclide\tkz-obj-eu-circles.tex"
2020/03/18 3.06c tkz-obj-eu-circles.tex
) ("D:\MiKTeX 2.9\tex/latex/tkz-euclide\tkz-obj-eu-draw-circles.tex"
2020/03/18 3.06c tkz-obj-eu-draw-circles.tex
) ("D:\MiKTeX 2.9\tex/latex/tkz-euclide\tkz-obj-eu-draw-lines.tex"
2020/03/18 3.06c tkz-obj-eu-draw-lines.tex
) ("D:\MiKTeX 2.9\tex/latex/tkz-euclide\tkz-obj-eu-draw-polygons.tex"
2020/03/18 3.06c tkz-obj-eu-polygons.tex
) ("D:\MiKTeX 2.9\tex/latex/tkz-euclide\tkz-obj-eu-draw-triangles.tex")
("D:\MiKTeX 2.9\tex/latex/tkz-euclide\tkz-obj-eu-lines.tex"
2020/03/18 3.06c tkz-obj-eu-lines.tex
) ("D:\MiKTeX 2.9\tex/latex/tkz-euclide\tkz-obj-eu-points.tex"
2020/03/18 3.06c tkz-obj-eu-points.tex
) ("D:\MiKTeX 2.9\tex/latex/tkz-euclide\tkz-obj-eu-points-by.tex"
2020/03/18 3.06c tkz-tools-eu-points-by.tex
) ("D:\MiKTeX 2.9\tex/latex/tkz-euclide\tkz-obj-eu-points-rnd.tex"
2020/03/18 3.06c tkz-obj-eu-points-rnd.tex
) ("D:\MiKTeX 2.9\tex/latex/tkz-euclide\tkz-obj-eu-points-with.tex"
2020/03/18 3.06c tkz-obj-eu-points-with.tex
) ("D:\MiKTeX 2.9\tex/latex/tkz-euclide\tkz-obj-eu-polygons.tex"
2020/03/18 3.06c tkz-obj-eu-polygons.tex
) ("D:\MiKTeX 2.9\tex/latex/tkz-euclide\tkz-obj-eu-protractor.tex"
2020/03/18 3.06c tkz-obj-eu-protractor.tex
) ("D:\MiKTeX 2.9\tex/latex/tkz-euclide\tkz-obj-eu-sectors.tex"
2020/03/18 3.06c tkz-obj-eu-sectors.tex
) ("D:\MiKTeX 2.9\tex/latex/tkz-euclide\tkz-obj-eu-show.tex"
2020/03/18 3.06c tkz-obj-eu-show.tex
) ("D:\MiKTeX 2.9\tex/latex/tkz-euclide\tkz-obj-eu-triangles.tex"
2020/03/18 3.06c tkz-obj-eu-triangles.tex
)) ("D:\MiKTeX 2.9\tex/latex/colortbl\colortbl.sty"
Package: colortbl 2020/01/04 v1.0e Color table columns (DPC)
\everycr=\toks36
\minrowclearance=\skip57
)
("D:\MiKTeX 2.9\tex/latex/booktabs\booktabs.sty"
Package: booktabs 2020/01/12 v1.61803398 Publication quality tables
\heavyrulewidth=\dimen299
\lightrulewidth=\dimen300
\cmidrulewidth=\dimen301
\belowrulesep=\dimen302
\belowbottomsep=\dimen303
\aboverulesep=\dimen304
\abovetopsep=\dimen305
\cmidrulesep=\dimen306
\cmidrulekern=\dimen307
\defaultaddspace=\dimen308
\@cmidla=\count301
\@cmidlb=\count302
\@aboverulesep=\dimen309
\@belowrulesep=\dimen310
\@thisruleclass=\count303
\@lastruleclass=\count304
\@thisrulewidth=\dimen311
)
("D:\MiKTeX 2.9\tex/latex/tools\hhline.sty"
Package: hhline 2020/01/04 v2.04 Table rule package (DPC)
)
("D:\MiKTeX 2.9\tex/latex/algorithms\algorithm.sty"
Package: algorithm 2009/08/24 v0.1 Document Style `algorithm' - floating enviro
nment

("D:\MiKTeX 2.9\tex/latex/float\float.sty"
Package: float 2001/11/08 v1.3d Float enhancements (AL)
\c@float@type=\count305
\float@exts=\toks37
\float@box=\box63
\@float@everytoks=\toks38
\@floatcapt=\box64
)
("D:\MiKTeX 2.9\tex/latex/base\ifthen.sty"
Package: ifthen 2014/09/29 v1.1c Standard LaTeX ifthen package (DPC)
)
\@float@every@algorithm=\toks39
\c@algorithm=\count306
)
("D:\MiKTeX 2.9\tex/latex/algorithmicx\algpseudocode.sty"
Package: algpseudocode 

("D:\MiKTeX 2.9\tex/latex/algorithmicx\algorithmicx.sty"
Package: algorithmicx 2005/04/27 v1.2 Algorithmicx

Document Style algorithmicx 1.2 - a greatly improved `algorithmic' style
\c@ALG@line=\count307
\c@ALG@rem=\count308
\c@ALG@nested=\count309
\ALG@tlm=\skip58
\ALG@thistlm=\skip59
\c@ALG@Lnr=\count310
\c@ALG@blocknr=\count311
\c@ALG@storecount=\count312
\c@ALG@tmpcounter=\count313
\ALG@tmplength=\skip60
)
Document Style - pseudocode environments for use with the `algorithmicx' style
) ("D:\MiKTeX 2.9\tex/latex/hyperref\hyperref.sty"
Package: hyperref 2020-05-15 v7.00e Hypertext links for LaTeX

("D:\MiKTeX 2.9\tex/generic/ltxcmds\ltxcmds.sty"
Package: ltxcmds 2019/12/15 v1.24 LaTeX kernel commands for general use (HO)
)
("D:\MiKTeX 2.9\tex/latex/pdftexcmds\pdftexcmds.sty"
Package: pdftexcmds 2019/11/24 v0.31 Utility functions of pdfTeX for LuaTeX (HO
)

("D:\MiKTeX 2.9\tex/generic/infwarerr\infwarerr.sty"
Package: infwarerr 2019/12/03 v1.5 Providing info/warning/error messages (HO)
)
Package pdftexcmds Info: \pdf@primitive is available.
Package pdftexcmds Info: \pdf@ifprimitive is available.
Package pdftexcmds Info: \pdfdraftmode found.
)
("D:\MiKTeX 2.9\tex/generic/kvsetkeys\kvsetkeys.sty"
Package: kvsetkeys 2019/12/15 v1.18 Key value parser (HO)
)
("D:\MiKTeX 2.9\tex/generic/kvdefinekeys\kvdefinekeys.sty"
Package: kvdefinekeys 2019-12-19 v1.6 Define keys (HO)
)
("D:\MiKTeX 2.9\tex/generic/pdfescape\pdfescape.sty"
Package: pdfescape 2019/12/09 v1.15 Implements pdfTeX's escape features (HO)
)
("D:\MiKTeX 2.9\tex/latex/hycolor\hycolor.sty"
Package: hycolor 2020-01-27 v1.10 Color options for hyperref/bookmark (HO)
)
("D:\MiKTeX 2.9\tex/latex/letltxmacro\letltxmacro.sty"
Package: letltxmacro 2019/12/03 v1.6 Let assignment for LaTeX macros (HO)
)
("D:\MiKTeX 2.9\tex/latex/auxhook\auxhook.sty"
Package: auxhook 2019-12-17 v1.6 Hooks for auxiliary files (HO)
)
("D:\MiKTeX 2.9\tex/latex/kvoptions\kvoptions.sty"
Package: kvoptions 2019/11/29 v3.13 Key value format for package options (HO)
)
\@linkdim=\dimen312
\Hy@linkcounter=\count314
\Hy@pagecounter=\count315

("D:\MiKTeX 2.9\tex/latex/hyperref\pd1enc.def"
File: pd1enc.def 2020-05-15 v7.00e Hyperref: PDFDocEncoding definition (HO)
Now handling font encoding PD1 ...
... no UTF-8 mapping file for font encoding PD1
)
("D:\MiKTeX 2.9\tex/generic/intcalc\intcalc.sty"
Package: intcalc 2019/12/15 v1.3 Expandable calculations with integers (HO)
)
("D:\MiKTeX 2.9\tex/generic/etexcmds\etexcmds.sty"
Package: etexcmds 2019/12/15 v1.7 Avoid name clashes with e-TeX commands (HO)
)
\Hy@SavedSpaceFactor=\count316
Package hyperref Info: Hyper figures OFF on input line 4464.
Package hyperref Info: Link nesting OFF on input line 4469.
Package hyperref Info: Hyper index ON on input line 4472.
Package hyperref Info: Plain pages OFF on input line 4479.
Package hyperref Info: Backreferencing OFF on input line 4484.
Package hyperref Info: Implicit mode ON; LaTeX internals redefined.
Package hyperref Info: Bookmarks ON on input line 4717.
\c@Hy@tempcnt=\count317
LaTeX Info: Redefining \url on input line 5076.
\XeTeXLinkMargin=\dimen313

("D:\MiKTeX 2.9\tex/generic/bitset\bitset.sty"
Package: bitset 2019/12/09 v1.3 Handle bit-vector datatype (HO)

("D:\MiKTeX 2.9\tex/generic/bigintcalc\bigintcalc.sty"
Package: bigintcalc 2019/12/15 v1.5 Expandable calculations on big integers (HO
)
))
\Fld@menulength=\count318
\Field@Width=\dimen314
\Fld@charsize=\dimen315
Package hyperref Info: Hyper figures OFF on input line 6347.
Package hyperref Info: Link nesting OFF on input line 6352.
Package hyperref Info: Hyper index ON on input line 6355.
Package hyperref Info: backreferencing OFF on input line 6362.
Package hyperref Info: Link coloring OFF on input line 6367.
Package hyperref Info: Link coloring with OCG OFF on input line 6372.
Package hyperref Info: PDF/A mode OFF on input line 6377.
LaTeX Info: Redefining \ref on input line 6417.
LaTeX Info: Redefining \pageref on input line 6421.

("D:\MiKTeX 2.9\tex/generic/atbegshi\atbegshi.sty"
Package: atbegshi 2019/12/05 v1.19 At begin shipout hook (HO)
)
\Hy@abspage=\count319
\c@Item=\count320
\c@Hfootnote=\count321
)
Package hyperref Info: Driver (autodetected): hpdftex.

("D:\MiKTeX 2.9\tex/latex/hyperref\hpdftex.def"
File: hpdftex.def 2020-05-15 v7.00e Hyperref driver for pdfTeX

("D:\MiKTeX 2.9\tex/latex/atveryend\atveryend.sty"
Package: atveryend 2019-12-11 v1.11 Hooks at the very end of document (HO)
)
\Fld@listcount=\count322
\c@bookmark@seq@number=\count323

("D:\MiKTeX 2.9\tex/latex/rerunfilecheck\rerunfilecheck.sty"
Package: rerunfilecheck 2019/12/05 v1.9 Rerun checks for auxiliary files (HO)

("D:\MiKTeX 2.9\tex/generic/uniquecounter\uniquecounter.sty"
Package: uniquecounter 2019/12/15 v1.4 Provide unlimited unique counter (HO)
)
Package uniquecounter Info: New unique counter `rerunfilecheck' on input line 2
86.
)
\Hy@SectionHShift=\skip61
)
Package hyperref Info: Option `colorlinks' set `true' on input line 45.

(sbc-template.aux)
\openout1 = `sbc-template.aux'.

LaTeX Font Info:    Checking defaults for OML/cmm/m/it on input line 62.
LaTeX Font Info:    ... okay on input line 62.
LaTeX Font Info:    Checking defaults for OMS/cmsy/m/n on input line 62.
LaTeX Font Info:    ... okay on input line 62.
LaTeX Font Info:    Checking defaults for OT1/cmr/m/n on input line 62.
LaTeX Font Info:    ... okay on input line 62.
LaTeX Font Info:    Checking defaults for T1/cmr/m/n on input line 62.
LaTeX Font Info:    ... okay on input line 62.
LaTeX Font Info:    Checking defaults for TS1/cmr/m/n on input line 62.
LaTeX Font Info:    ... okay on input line 62.
LaTeX Font Info:    Checking defaults for OMX/cmex/m/n on input line 62.
LaTeX Font Info:    ... okay on input line 62.
LaTeX Font Info:    Checking defaults for U/cmr/m/n on input line 62.
LaTeX Font Info:    ... okay on input line 62.
LaTeX Font Info:    Checking defaults for PD1/pdf/m/n on input line 62.
LaTeX Font Info:    ... okay on input line 62.
LaTeX Font Info:    Trying to load font information for OT1+ptm on input line 6
2.
 ("D:\MiKTeX 2.9\tex/latex/psnfss\ot1ptm.fd"
File: ot1ptm.fd 2001/06/04 font definitions for OT1/ptm.
)
*geometry* driver: auto-detecting
*geometry* detected driver: pdftex
*geometry* verbose mode - [ preamble ] result:
* driver: pdftex
* paper: a4paper
* layout: <same size as paper>
* layoutoffset:(h,v)=(0.0pt,0.0pt)
* modes: 
* h-part:(L,W,R)=(85.35826pt, 426.79135pt, 85.35826pt)
* v-part:(T,H,B)=(99.58464pt, 674.33032pt, 71.13188pt)
* \paperwidth=597.50787pt
* \paperheight=845.04684pt
* \textwidth=426.79135pt
* \textheight=674.33032pt
* \oddsidemargin=13.08827pt
* \evensidemargin=13.08827pt
* \topmargin=-9.68535pt
* \headheight=12.0pt
* \headsep=25.0pt
* \topskip=12.0pt
* \footskip=30.0pt
* \marginparwidth=44.0pt
* \marginparsep=10.0pt
* \columnsep=10.0pt
* \skip\footins=10.8pt plus 4.0pt minus 2.0pt
* \hoffset=0.0pt
* \voffset=0.0pt
* \mag=1000
* \@twocolumnfalse
* \@twosidefalse
* \@mparswitchfalse
* \@reversemarginfalse
* (1in=72.27pt=25.4mm, 1cm=28.453pt)

Package caption Info: Begin \AtBeginDocument code.
Package caption Info: float package is loaded.
Package caption Info: hyperref package is loaded.
Package caption Info: End \AtBeginDocument code.
("D:\MiKTeX 2.9\tex/context/base/mkii\supp-pdf.mkii"
[Loading MPS to PDF converter (version 2006.09.02).]
\scratchcounter=\count324
\scratchdimen=\dimen316
\scratchbox=\box65
\nofMPsegments=\count325
\nofMParguments=\count326
\everyMPshowfont=\toks40
\MPscratchCnt=\count327
\MPscratchDim=\dimen317
\MPnumerator=\count328
\makeMPintoPDFobject=\count329
\everyMPtoPDFconversion=\toks41
) ("D:\MiKTeX 2.9\tex/latex/epstopdf-pkg\epstopdf-base.sty"
Package: epstopdf-base 2020-01-24 v2.11 Base part for package epstopdf
Package epstopdf-base Info: Redefining graphics rule for `.eps' on input line 4
85.
)
ABD: EveryShipout initializing macros
\AtBeginShipoutBox=\box66
Package hyperref Info: Link coloring ON on input line 62.

("D:\MiKTeX 2.9\tex/latex/hyperref\nameref.sty"
Package: nameref 2019/09/16 v2.46 Cross-referencing by name of section

("D:\MiKTeX 2.9\tex/latex/refcount\refcount.sty"
Package: refcount 2019/12/15 v3.6 Data extraction from label references (HO)
)
("D:\MiKTeX 2.9\tex/generic/gettitlestring\gettitlestring.sty"
Package: gettitlestring 2019/12/15 v1.6 Cleanup title references (HO)
)
\c@section@level=\count330
)
LaTeX Info: Redefining \ref on input line 62.
LaTeX Info: Redefining \pageref on input line 62.
LaTeX Info: Redefining \nameref on input line 62.

(sbc-template.out) (sbc-template.out)
\@outlinefile=\write4
\openout4 = `sbc-template.out'.

LaTeX Font Info:    External font `cmex10' loaded for size
(Font)              <12> on input line 65.
LaTeX Font Info:    External font `cmex10' loaded for size
(Font)              <8> on input line 65.
LaTeX Font Info:    External font `cmex10' loaded for size
(Font)              <6> on input line 65.
LaTeX Font Info:    Trying to load font information for OT1+pcr on input line 6
5.
 ("D:\MiKTeX 2.9\tex/latex/psnfss\ot1pcr.fd"
File: ot1pcr.fd 2001/06/04 font definitions for OT1/pcr.
)
LaTeX Font Info:    Trying to load font information for OMS+pcr on input line 6
5.
 ("D:\MiKTeX 2.9\tex/latex/psnfss\omspcr.fd"
File: omspcr.fd 
)
LaTeX Font Info:    Font shape `OMS/pcr/m/n' in size <10> not available
(Font)              Font shape `OMS/cmsy/m/n' tried instead on input line 65.
LaTeX Font Info:    Trying to load font information for OT1+phv on input line 1
49.

("D:\MiKTeX 2.9\tex/latex/psnfss\ot1phv.fd"
File: ot1phv.fd 2020/03/25 scalable font definitions for OT1/phv.
)
LaTeX Font Info:    External font `cmex10' loaded for size
(Font)              <7> on input line 156.
LaTeX Font Info:    External font `cmex10' loaded for size
(Font)              <5> on input line 156.

Underfull \hbox (badness 10000) in paragraph at lines 156--156
[][][][][]$\OT1/pcr/m/n/10 https : / / www . cos . ufrj . br / index . php / pt
-[]BR / publicacoes-[]pesquisa /
 []


Overfull \hbox (1.47185pt too wide) in paragraph at lines 156--157
\OT1/ptm/m/n/12 po-ten-cial de aplica[][]oes pr[]aticas. Em es-pe-cial, esse pr
o-blema foi in-ves-ti-gado na disserta[][]ao
 []

(sbc-template.bbl [1

{C:/Users/Wanderson/AppData/Local/MiKTeX/2.9/pdftex/config/pdftex.map}]) [2]
Package atveryend Info: Empty hook `BeforeClearDocument' on input line 200.
Package atveryend Info: Empty hook `AfterLastShipout' on input line 200.
 (sbc-template.aux)
Package atveryend Info: Executing hook `AtVeryEndDocument' on input line 200.
Package atveryend Info: Executing hook `AtEndAfterFileList' on input line 200.
Package rerunfilecheck Info: File `sbc-template.out' has not changed.
(rerunfilecheck)             Checksum: 485510EEDB81C5B7F0CBD1E0B1838644;105.
 ) 
Here is how much of TeX's memory you used:
 26248 strings out of 480797
 522439 string characters out of 2911874
 827652 words of memory out of 3000000
 41581 multiletter control sequences out of 15000+200000
 551272 words of font info for 56 fonts, out of 3000000 for 9000
 1141 hyphenation exceptions out of 8191
 60i,11n,91p,1169b,911s stack positions out of 5000i,500n,10000p,200000b,50000s
{D:/MiKTeX 2.9/fonts/enc/dvips/base/8r.enc}<D:/MiKTeX 2.9/fonts/type1/public/
amsfonts/cm/cmmi12.pfb><D:/MiKTeX 2.9/fonts/type1/public/amsfonts/cm/cmmi8.pfb>
<D:/MiKTeX 2.9/fonts/type1/public/amsfonts/cm/cmr12.pfb><D:/MiKTeX 2.9/fonts/ty
pe1/public/amsfonts/cm/cmr8.pfb><D:/MiKTeX 2.9/fonts/type1/public/amsfonts/cm/c
msy10.pfb><D:/MiKTeX 2.9/fonts/type1/urw/courier/ucrr8a.pfb><D:/MiKTeX 2.9/font
s/type1/urw/helvetic/uhvb8a.pfb><D:/MiKTeX 2.9/fonts/type1/urw/times/utmb8a.pfb
><D:/MiKTeX 2.9/fonts/type1/urw/times/utmr8a.pfb><D:/MiKTeX 2.9/fonts/type1/urw
/times/utmri8a.pfb>
Output written on sbc-template.pdf (2 pages, 126429 bytes).
PDF statistics:
 104 PDF objects out of 1000 (max. 8388607)
 10 named destinations out of 1000 (max. 500000)
 125 words of extra memory for PDF output out of 10000 (max. 10000000)

